<?xml version="1.0" encoding="UTF-8" standalone="yes"?><!DOCTYPE report PUBLIC "-//JACOCO//DTD Report 1.1//EN" "report.dtd"><report name="IoT Firmware Project"><sessioninfo id="小青蛙蛙-a964c4e1" start="1752465375002" dump="1752465375437"/><sessioninfo id="小青蛙蛙-513cbbe3" start="1752478651614" dump="1752478652020"/><sessioninfo id="小青蛙蛙-1350aeaa" start="1752478920043" dump="1752478920470"/><sessioninfo id="小青蛙蛙-9a1c78f7" start="1752479374922" dump="1752479375381"/><sessioninfo id="小青蛙蛙-d4f8198f" start="1752479377027" dump="1752479377498"/><sessioninfo id="小青蛙蛙-47a02791" start="1752479700542" dump="1752479700979"/><sessioninfo id="小青蛙蛙-939e2157" start="1752479702588" dump="1752479703039"/><sessioninfo id="小青蛙蛙-5ba3e7ad" start="1752480637183" dump="1752480637620"/><sessioninfo id="小青蛙蛙-714d83fb" start="1752480639161" dump="1752480639589"/><sessioninfo id="小青蛙蛙-b6dd60e6" start="1752482775626" dump="1752482776071"/><sessioninfo id="小青蛙蛙-eb41ba33" start="1752482777751" dump="1752482778222"/><sessioninfo id="小青蛙蛙-85de8b38" start="1752482810088" dump="1752482810543"/><sessioninfo id="小青蛙蛙-c5eedf8b" start="1752482812170" dump="1752482812624"/><sessioninfo id="小青蛙蛙-97fa7bb4" start="1754272147922" dump="1754272148372"/><sessioninfo id="小青蛙蛙-1002a89b" start="1754272149837" dump="1754272150261"/><sessioninfo id="小青蛙蛙-529e3fa8" start="1754272176368" dump="1754272176797"/><sessioninfo id="小青蛙蛙-58bf7607" start="1754272178426" dump="1754272178847"/><sessioninfo id="小青蛙蛙-c4fc1be1" start="1754273558336" dump="1754273558846"/><sessioninfo id="小青蛙蛙-b5f49618" start="1754273560620" dump="1754273561115"/><package name=""><class name="MainTest" sourcefilename="MainTest.java"><method name="&lt;init&gt;" desc="()V" line="4"><counter type="INSTRUCTION" missed="0" covered="3"/><counter type="LINE" missed="0" covered="1"/><counter type="COMPLEXITY" missed="0" covered="1"/><counter type="METHOD" missed="0" covered="1"/></method><method name="testMainRuns" desc="()V" line="10"><counter type="INSTRUCTION" missed="3" covered="5"/><counter type="LINE" missed="2" covered="3"/><counter type="COMPLEXITY" missed="0" covered="1"/><counter type="METHOD" missed="0" covered="1"/></method><counter type="INSTRUCTION" missed="3" covered="8"/><counter type="LINE" missed="2" covered="4"/><counter type="COMPLEXITY" missed="0" covered="2"/><counter type="METHOD" missed="0" covered="2"/><counter type="CLASS" missed="0" covered="1"/></class><class name="Main" sourcefilename="Main.java"><method name="&lt;init&gt;" desc="()V" line="1"><counter type="INSTRUCTION" missed="3" covered="0"/><counter type="LINE" missed="1" covered="0"/><counter type="COMPLEXITY" missed="1" covered="0"/><counter type="METHOD" missed="1" covered="0"/></method><method name="main" desc="([Ljava/lang/String;)V" line="3"><counter type="INSTRUCTION" missed="0" covered="4"/><counter type="LINE" missed="0" covered="2"/><counter type="COMPLEXITY" missed="0" covered="1"/><counter type="METHOD" missed="0" covered="1"/></method><counter type="INSTRUCTION" missed="3" covered="4"/><counter type="LINE" missed="1" covered="2"/><counter type="COMPLEXITY" missed="1" covered="1"/><counter type="METHOD" missed="1" covered="1"/><counter type="CLASS" missed="0" covered="1"/></class><sourcefile name="MainTest.java"><line nr="4" mi="0" ci="3" mb="0" cb="0"/><line nr="10" mi="0" ci="3" mb="0" cb="0"/><line nr="11" mi="1" ci="0" mb="0" cb="0"/><line nr="12" mi="2" ci="0" mb="0" cb="0"/><line nr="13" mi="0" ci="1" mb="0" cb="0"/><line nr="14" mi="0" ci="1" mb="0" cb="0"/><counter type="INSTRUCTION" missed="3" covered="8"/><counter type="LINE" missed="2" covered="4"/><counter type="COMPLEXITY" missed="0" covered="2"/><counter type="METHOD" missed="0" covered="2"/><counter type="CLASS" missed="0" covered="1"/></sourcefile><sourcefile name="Main.java"><line nr="1" mi="3" ci="0" mb="0" cb="0"/><line nr="3" mi="0" ci="3" mb="0" cb="0"/><line nr="4" mi="0" ci="1" mb="0" cb="0"/><counter type="INSTRUCTION" missed="3" covered="4"/><counter type="LINE" missed="1" covered="2"/><counter type="COMPLEXITY" missed="1" covered="1"/><counter type="METHOD" missed="1" covered="1"/><counter type="CLASS" missed="0" covered="1"/></sourcefile><counter type="INSTRUCTION" missed="6" covered="12"/><counter type="LINE" missed="3" covered="6"/><counter type="COMPLEXITY" missed="1" covered="3"/><counter type="METHOD" missed="1" covered="3"/><counter type="CLASS" missed="0" covered="2"/></package><counter type="INSTRUCTION" missed="6" covered="12"/><counter type="LINE" missed="3" covered="6"/><counter type="COMPLEXITY" missed="1" covered="3"/><counter type="METHOD" missed="1" covered="3"/><counter type="CLASS" missed="0" covered="2"/></report>